{"name": "test_vs_login[kyle-123456-kyle]", "status": "broken", "statusDetails": {"message": "selenium.common.exceptions.TimeoutException: Message:", "trace": "self = <scripts.test_vs_login.TestVsLogin object at 0x00000135E4B4DBA8>\nusername = 'kyle', password = '123456', expect = 'kyle'\n\n    @pytest.mark.parametrize(\"username,password,expect\", read_yaml(\"vs_login.yaml\"))\n    def test_vs_login(self, username, password, expect):\n        self.vs.page_vs_login(username, password)\n>       print(self.vs.page_get_nickname())\n\ntest_vs_login.py:26: \n_ _ _ _ _ _ _ _ _ _ _ _ _ _ _ _ _ _ _ _ _ _ _ _ _ _ _ _ _ _ _ _ _ _ _ _ _ _ _ _\n..\\page\\page_vs_login.py:23: in page_get_nickname\n    return self.base_get_text(page.vs_nickname)\n..\\base\\base.py:30: in base_get_text\n    return self.base_find(loc).text\n..\\base\\base.py:19: in base_find\n    poll_frequency=poll).until(lambda x: x.find_element(*loc))\n_ _ _ _ _ _ _ _ _ _ _ _ _ _ _ _ _ _ _ _ _ _ _ _ _ _ _ _ _ _ _ _ _ _ _ _ _ _ _ _\n\nself = <selenium.webdriver.support.wait.WebDriverWait (session=\"e0538a862d22386f50b88d7e8e580f72\")>\nmethod = <function Base.base_find.<locals>.<lambda> at 0x00000135E4BA40D0>\nmessage = ''\n\n    def until(self, method, message=''):\n        \"\"\"Calls the method provided with the driver as an argument until the \\\n        return value is not False.\"\"\"\n        screen = None\n        stacktrace = None\n    \n        end_time = time.time() + self._timeout\n        while True:\n            try:\n                value = method(self._driver)\n                if value:\n                    return value\n            except self._ignored_exceptions as exc:\n                screen = getattr(exc, 'screen', None)\n                stacktrace = getattr(exc, 'stacktrace', None)\n            time.sleep(self._poll)\n            if time.time() > end_time:\n                break\n>       raise TimeoutException(message, screen, stacktrace)\nE       selenium.common.exceptions.TimeoutException: Message:\n\n..\\venv\\lib\\site-packages\\selenium\\webdriver\\support\\wait.py:80: TimeoutException"}, "parameters": [{"name": "username", "value": "'kyle'"}, {"name": "password", "value": "'123456'"}, {"name": "expect", "value": "'kyle'"}], "start": 1633776510726, "stop": 1633776541617, "uuid": "b1854b33-6666-4281-91c1-a914799b7d4e", "historyId": "ce26ffdc1f77c027d575e902b9fae511", "testCaseId": "a862348e7f0264acaa54055b030ba7d5", "fullName": "scripts.test_vs_login.TestVsLogin#test_vs_login", "labels": [{"name": "parentSuite", "value": "scripts"}, {"name": "suite", "value": "test_vs_login"}, {"name": "subSuite", "value": "TestVsLogin"}, {"name": "host", "value": "LAPTOP-2MM4SIL7"}, {"name": "thread", "value": "21124-MainThread"}, {"name": "framework", "value": "pytest"}, {"name": "language", "value": "cpython3"}, {"name": "package", "value": "scripts.test_vs_login"}]}