{"name": "test_vs_login[kyle-123456-kyle]", "status": "broken", "statusDetails": {"message": "selenium.common.exceptions.TimeoutException: Message:", "trace": "self = <scripts.test_vs_login.TestVsLogin object at 0x000002017B2B9320>\nusername = 'kyle', password = '123456', expect = 'kyle'\n\n    @pytest.mark.parametrize(\"username,password,expect\", read_yaml(\"vs_login.yaml\"))\n    def test_vs_login(self, username, password, expect):\n        self.vs.page_vs_login(username, password)\n        # print(\"The nickname obtained is:\", self.vs.page_get_nickname())\n>       process_before = self.vs.page_get_nickname()\n\ntest_vs_login.py:30: \n_ _ _ _ _ _ _ _ _ _ _ _ _ _ _ _ _ _ _ _ _ _ _ _ _ _ _ _ _ _ _ _ _ _ _ _ _ _ _ _\n..\\page\\page_vs_login.py:32: in page_get_nickname\n    return self.base_get_text(page.vs_nickname)\n..\\base\\base.py:60: in base_get_text\n    log.info(\"正在获取: {} 元素的文本值！获取的文本值为：{}\".format(loc, self.base_find(loc).text))\n..\\base\\base.py:32: in base_find\n    poll_frequency=poll).until(lambda x: x.find_element(*loc))\n_ _ _ _ _ _ _ _ _ _ _ _ _ _ _ _ _ _ _ _ _ _ _ _ _ _ _ _ _ _ _ _ _ _ _ _ _ _ _ _\n\nself = <selenium.webdriver.support.wait.WebDriverWait (session=\"bb23808803a9c80750b015546a2357ae\")>\nmethod = <function Base.base_find.<locals>.<lambda> at 0x000002017B2F9268>\nmessage = ''\n\n    def until(self, method, message=''):\n        \"\"\"Calls the method provided with the driver as an argument until the \\\n        return value is not False.\"\"\"\n        screen = None\n        stacktrace = None\n    \n        end_time = time.time() + self._timeout\n        while True:\n            try:\n                value = method(self._driver)\n                if value:\n                    return value\n            except self._ignored_exceptions as exc:\n                screen = getattr(exc, 'screen', None)\n                stacktrace = getattr(exc, 'stacktrace', None)\n            time.sleep(self._poll)\n            if time.time() > end_time:\n                break\n>       raise TimeoutException(message, screen, stacktrace)\nE       selenium.common.exceptions.TimeoutException: Message:\n\n..\\venv\\lib\\site-packages\\selenium\\webdriver\\support\\wait.py:80: TimeoutException"}, "steps": [{"name": "one step", "status": "passed", "parameters": [{"name": "username", "value": "'kyle'"}], "start": 1637294733022, "stop": 1637294733122}, {"name": "two step", "status": "passed", "parameters": [{"name": "password", "value": "'123456'"}], "start": 1637294733123, "stop": 1637294733194}, {"name": "three step", "status": "passed", "start": 1637294733194, "stop": 1637294734202}, {"name": "four step", "status": "broken", "statusDetails": {"message": "selenium.common.exceptions.TimeoutException: Message: \n\n", "trace": "  File \"D:\\PycharmProjects\\EXDUIAutoTest\\venv\\lib\\site-packages\\allure_commons\\_allure.py\", line 172, in impl\n    return func(*a, **kw)\n  File \"D:\\PycharmProjects\\EXDUIAutoTest\\page\\page_vs_login.py\", line 32, in page_get_nickname\n    return self.base_get_text(page.vs_nickname)\n  File \"D:\\PycharmProjects\\EXDUIAutoTest\\base\\base.py\", line 60, in base_get_text\n    log.info(\"正在获取: {} 元素的文本值！获取的文本值为：{}\".format(loc, self.base_find(loc).text))\n  File \"D:\\PycharmProjects\\EXDUIAutoTest\\base\\base.py\", line 32, in base_find\n    poll_frequency=poll).until(lambda x: x.find_element(*loc))\n  File \"D:\\PycharmProjects\\EXDUIAutoTest\\venv\\lib\\site-packages\\selenium\\webdriver\\support\\wait.py\", line 80, in until\n    raise TimeoutException(message, screen, stacktrace)\n"}, "start": 1637294734202, "stop": 1637294764282}], "attachments": [{"name": "log", "source": "935faae5-8e68-4fdb-896a-0ce5d40a6dce-attachment.txt", "type": "text/plain"}], "parameters": [{"name": "username", "value": "'kyle'"}, {"name": "password", "value": "'123456'"}, {"name": "expect", "value": "'kyle'"}], "start": 1637294733021, "stop": 1637294764292, "uuid": "ee305f01-3c70-4fc1-8090-e02f71a69ea2", "historyId": "ce26ffdc1f77c027d575e902b9fae511", "testCaseId": "a862348e7f0264acaa54055b030ba7d5", "fullName": "scripts.test_vs_login.TestVsLogin#test_vs_login", "labels": [{"name": "parentSuite", "value": "scripts"}, {"name": "suite", "value": "test_vs_login"}, {"name": "subSuite", "value": "TestVsLogin"}, {"name": "host", "value": "LAPTOP-2MM4SIL7"}, {"name": "thread", "value": "10340-MainThread"}, {"name": "framework", "value": "pytest"}, {"name": "language", "value": "cpython3"}, {"name": "package", "value": "scripts.test_vs_login"}]}