{"name": "test_vs_login[kyle-123456-kyle1]", "status": "broken", "statusDetails": {"message": "selenium.common.exceptions.TimeoutException: Message:", "trace": "self = <scripts.test_vs_login.TestVsLogin object at 0x000001EEF2B2A5B0>, username = 'kyle', password = '123456', expect = 'kyle1'\n\n    @pytest.mark.parametrize(\"username,password,expect\", read_yaml(\"vs_login.yaml\"))\n    def test_vs_login(self, username, password, expect):\n        self.vs.page_vs_login(username, password)\n        # print(\"The nickname obtained is:\", self.vs.page_get_nickname())\n>       process_before = self.vs.page_get_nickname()\n\nscripts\\test_vs_login.py:30: \n_ _ _ _ _ _ _ _ _ _ _ _ _ _ _ _ _ _ _ _ _ _ _ _ _ _ _ _ _ _ _ _ _ _ _ _ _ _ _ _ _ _ _ _ _ _ _ _ _ _ _ _ _ _ _ _ _ _ _ _ _ _ _ _ _ _ _ _ _ _ _ _ _ _ _ _ _ _ _ _ _ _ _ _ _ _ _ _ _ _ _ _ _ _\npage\\page_vs_login.py:31: in page_get_nickname\n    return self.base_get_text(page.vs_nickname)\nbase\\base.py:60: in base_get_text\n    log.info(\"正在获取: {} 元素的文本值！获取的文本值为：{}\".format(loc, self.base_find(loc).text))\nbase\\base.py:30: in base_find\n    return WebDriverWait(self.driver,\n_ _ _ _ _ _ _ _ _ _ _ _ _ _ _ _ _ _ _ _ _ _ _ _ _ _ _ _ _ _ _ _ _ _ _ _ _ _ _ _ _ _ _ _ _ _ _ _ _ _ _ _ _ _ _ _ _ _ _ _ _ _ _ _ _ _ _ _ _ _ _ _ _ _ _ _ _ _ _ _ _ _ _ _ _ _ _ _ _ _ _ _ _ _\n\nself = <selenium.webdriver.support.wait.WebDriverWait (session=\"f07b8960f47c3947af07d0f71babc3b5\")>, method = <function Base.base_find.<locals>.<lambda> at 0x000001EEF2B53430>\nmessage = ''\n\n    def until(self, method, message=''):\n        \"\"\"Calls the method provided with the driver as an argument until the \\\n        return value is not False.\"\"\"\n        screen = None\n        stacktrace = None\n    \n        end_time = time.time() + self._timeout\n        while True:\n            try:\n                value = method(self._driver)\n                if value:\n                    return value\n            except self._ignored_exceptions as exc:\n                screen = getattr(exc, 'screen', None)\n                stacktrace = getattr(exc, 'stacktrace', None)\n            time.sleep(self._poll)\n            if time.time() > end_time:\n                break\n>       raise TimeoutException(message, screen, stacktrace)\nE       selenium.common.exceptions.TimeoutException: Message:\n\nD:\\Anaconda3\\lib\\site-packages\\selenium\\webdriver\\support\\wait.py:80: TimeoutException"}, "steps": [{"name": "one step", "status": "passed", "parameters": [{"name": "username", "value": "'kyle'"}], "start": 1634288876777, "stop": 1634288876816}, {"name": "two step", "status": "passed", "parameters": [{"name": "password", "value": "'123456'"}], "start": 1634288876817, "stop": 1634288876865}, {"name": "three step", "status": "passed", "start": 1634288876865, "stop": 1634288877783}, {"name": "four step", "status": "broken", "statusDetails": {"message": "selenium.common.exceptions.TimeoutException: Message: \n\n", "trace": "  File \"D:\\Anaconda3\\lib\\site-packages\\allure_commons\\_allure.py\", line 172, in impl\n    return func(*a, **kw)\n  File \"D:\\PycharmProjects\\EXDUIAutoTest\\page\\page_vs_login.py\", line 31, in page_get_nickname\n    return self.base_get_text(page.vs_nickname)\n  File \"D:\\PycharmProjects\\EXDUIAutoTest\\base\\base.py\", line 60, in base_get_text\n    log.info(\"正在获取: {} 元素的文本值！获取的文本值为：{}\".format(loc, self.base_find(loc).text))\n  File \"D:\\PycharmProjects\\EXDUIAutoTest\\base\\base.py\", line 30, in base_find\n    return WebDriverWait(self.driver,\n  File \"D:\\Anaconda3\\lib\\site-packages\\selenium\\webdriver\\support\\wait.py\", line 80, in until\n    raise TimeoutException(message, screen, stacktrace)\n"}, "start": 1634288877783, "stop": 1634288907784}], "attachments": [{"name": "log", "source": "1c004aac-fa35-4246-bcdb-f5774c5a91a4-attachment.txt", "type": "text/plain"}], "parameters": [{"name": "username", "value": "'kyle'"}, {"name": "password", "value": "'123456'"}, {"name": "expect", "value": "'kyle1'"}], "start": 1634288876776, "stop": 1634288907794, "uuid": "8e23aa35-6160-4cf4-9c78-79aebfc55e6c", "historyId": "76244b16e28a27bc103aa37d645a0ded", "testCaseId": "a862348e7f0264acaa54055b030ba7d5", "fullName": "scripts.test_vs_login.TestVsLogin#test_vs_login", "labels": [{"name": "parentSuite", "value": "scripts"}, {"name": "suite", "value": "test_vs_login"}, {"name": "subSuite", "value": "TestVsLogin"}, {"name": "host", "value": "LAPTOP-2MM4SIL7"}, {"name": "thread", "value": "18272-MainThread"}, {"name": "framework", "value": "pytest"}, {"name": "language", "value": "cpython3"}, {"name": "package", "value": "scripts.test_vs_login"}]}